15:59:04.495 [main] DEBUG org.testng.TestNG - suiteXmlPath: "C:\Users\sjshe\eclipse-workspace\Automation\OpencartV1\master.xml"
15:59:04.678 [main] INFO  org.testng.internal.Utils - [TestNG] Running:
  C:\Users\sjshe\eclipse-workspace\Automation\OpencartV1\master.xml

15:59:09.173 [main] INFO  testCases.TC001_AccountRegistrationTest - *** Starting TC001_AccountRegistrationTest ***
15:59:09.907 [main] INFO  testCases.TC001_AccountRegistrationTest - *** Click on Register Link ***
15:59:09.908 [main] INFO  testCases.TC001_AccountRegistrationTest - Filling Registration form 
15:59:11.324 [main] INFO  testCases.TC001_AccountRegistrationTest - Validating success message
15:59:11.354 [main] INFO  testCases.TC001_AccountRegistrationTest - Finished Testing 
15:59:39.105 [main] DEBUG org.testng.TestNG - suiteXmlPath: "C:\Users\sjshe\eclipse-workspace\Automation\OpencartV1\master.xml"
15:59:39.272 [main] INFO  org.testng.internal.Utils - [TestNG] Running:
  C:\Users\sjshe\eclipse-workspace\Automation\OpencartV1\master.xml

15:59:43.454 [main] INFO  testCases.TC002_LoginTest - *** Staring TC_002_LoginTest ***
15:59:43.903 [main] INFO  testCases.TC002_LoginTest - Entering Login credentials
15:59:46.912 [main] INFO  testCases.TC002_LoginTest - *** Finished Login Test ***
16:00:02.251 [main] DEBUG org.testng.TestNG - suiteXmlPath: "C:\Users\sjshe\eclipse-workspace\Automation\OpencartV1\master.xml"
16:00:02.443 [main] INFO  org.testng.internal.Utils - [TestNG] Running:
  C:\Users\sjshe\eclipse-workspace\Automation\OpencartV1\master.xml

16:00:08.196 [main] INFO  testCases.TC001_AccountRegistrationTest - *** Starting TC001_AccountRegistrationTest ***
16:00:09.169 [main] INFO  testCases.TC001_AccountRegistrationTest - *** Click on Register Link ***
16:00:09.170 [main] INFO  testCases.TC001_AccountRegistrationTest - Filling Registration form 
16:00:10.528 [main] INFO  testCases.TC001_AccountRegistrationTest - Validating success message
16:00:10.555 [main] INFO  testCases.TC001_AccountRegistrationTest - Finished Testing 
16:00:14.242 [main] INFO  testCases.TC002_LoginTest - *** Staring TC_002_LoginTest ***
16:00:15.061 [main] INFO  testCases.TC002_LoginTest - Entering Login credentials
16:00:17.077 [main] INFO  testCases.TC002_LoginTest - *** Finished Login Test ***
16:00:51.478 [main] DEBUG org.testng.TestNG - suiteXmlPath: "C:\Users\sjshe\eclipse-workspace\Automation\OpencartV1\crossbrowsertesting.xml"
16:00:51.657 [main] INFO  org.testng.internal.Utils - [TestNG] Running:
  C:\Users\sjshe\eclipse-workspace\Automation\OpencartV1\crossbrowsertesting.xml

16:00:55.862 [TestNG-tests-1] INFO  testCases.TC001_AccountRegistrationTest - *** Starting TC001_AccountRegistrationTest ***
16:00:57.125 [TestNG-tests-2] INFO  testCases.TC001_AccountRegistrationTest - *** Starting TC001_AccountRegistrationTest ***
16:04:42.950 [main] DEBUG org.testng.TestNG - suiteXmlPath: "C:\Users\sjshe\eclipse-workspace\Automation\OpencartV1\crossbrowsertesting.xml"
16:04:43.129 [main] INFO  org.testng.internal.Utils - [TestNG] Running:
  C:\Users\sjshe\eclipse-workspace\Automation\OpencartV1\crossbrowsertesting.xml

16:04:47.404 [TestNG-tests-1] INFO  testCases.TC001_AccountRegistrationTest - *** Starting TC001_AccountRegistrationTest ***
16:04:47.405 [TestNG-tests-1] INFO  testCases.TC001_AccountRegistrationTest - Testing ----
16:04:53.632 [TestNG-tests-2] INFO  testCases.TC001_AccountRegistrationTest - *** Starting TC001_AccountRegistrationTest ***
16:04:53.632 [TestNG-tests-2] INFO  testCases.TC001_AccountRegistrationTest - Testing ----
16:04:53.679 [TestNG-tests-1] INFO  testCases.TC001_AccountRegistrationTest - Clicking Register
16:04:53.710 [TestNG-tests-2] INFO  testCases.TC001_AccountRegistrationTest - Clicking Register
16:15:46.720 [main] DEBUG org.testng.TestNG - suiteXmlPath: "C:\Users\sjshe\eclipse-workspace\Automation\OpencartV1\crossbrowsertesting.xml"
16:15:46.921 [main] INFO  org.testng.internal.Utils - [TestNG] Running:
  C:\Users\sjshe\eclipse-workspace\Automation\OpencartV1\crossbrowsertesting.xml

16:15:47.099 [TestNG-tests-2] INFO  testCases.TC001_AccountRegistrationTest - Edge browser
16:15:47.099 [TestNG-tests-1] INFO  testCases.TC001_AccountRegistrationTest - Chrome browser
16:15:51.309 [TestNG-tests-1] INFO  testCases.TC001_AccountRegistrationTest - *** Starting TC001_AccountRegistrationTest ***
16:15:51.309 [TestNG-tests-1] INFO  testCases.TC001_AccountRegistrationTest - Testing ----
16:15:52.293 [TestNG-tests-2] INFO  testCases.TC001_AccountRegistrationTest - *** Starting TC001_AccountRegistrationTest ***
16:15:52.293 [TestNG-tests-2] INFO  testCases.TC001_AccountRegistrationTest - Testing ----
16:15:52.335 [TestNG-tests-1] INFO  testCases.TC001_AccountRegistrationTest - Clicking Register
16:15:52.377 [TestNG-tests-2] INFO  testCases.TC001_AccountRegistrationTest - Clicking Register
13:53:01.352 [main] DEBUG org.testng.TestNG - suiteXmlPath: "C:\Users\sjshe\eclipse-workspace\Automation\OpencartV1\master.xml"
